This is emTeX (tex386), Version 3.141 [3c-beta8] (preloaded format=lplain 94.5.11)  11 MAY 1994 06:57
**&lplain nrgexp.ltx
(nrgexp.ltx
ILaTeX Version 2.09 <9 Jan 1990>
(c:\emtex\texinput\report.sty
Document Style `report' <13 Nov 89>, international version <20 Sep 90>.
(c:\emtex\texinput\rep10.sty)
\descriptionmargin=\dimen99
\c@part=\count79
\c@chapter=\count80
\c@section=\count81
\c@subsection=\count82
\c@subsubsection=\count83
\c@paragraph=\count84
\c@subparagraph=\count85
\c@figure=\count86
\c@table=\count87
 (c:\emtex\texinput\titlepag.sty))
(c:\emtex\texinput\sh.sty) (c:\emtex\texinput\stable.sty
\@stablebox=\box29
)
(c:\emtex\texinput\relate.sty
\relateleft=\dimen100
\relateright=\dimen101
\RELbox=\box30
\RELcount=\count88
\RELoldmax=\dimen102
\RELnewmax=\dimen103
) (nrgexp.aux) [0

]
\c@srule=\count89

Chapter 1.
[1

] [2] [3]
Chapter 2.
[4

]
Chapter 3.
[5

] [6]
Chapter 4.
[7

] [8] [9] [10] [11] [12] [13] [14] [15] [16] (nrgexp.aux) ) 
Here is how much of TeX's memory you used:
 231 strings out of 56962
 2186 string characters out of 225219
 41804 words of memory out of 262143
 2193 multiletter control sequences out of 10000
 20732 words of font info for 79 fonts, out of 81920 for 254
 14 hyphenation exceptions out of 607
 18i,7n,17p,187b,275s stack positions out of 300i,100n,60p,5000b,1000s

Output written on nrgexp.dvi (17 pages, 30280 bytes).
