This is TeX, Version 3.0 (preloaded format=lplain 91.12.26)  17 JAN 1992 22:15
**&lplain initsum.ltx
(initsum.ltx
LaTeX Version 2.09 <7 Dec 1989>
(c:\tex\macros\report.sty
Document Style `report' <13 Nov 89>.
(c:\tex\macros\rep10.sty)
\descriptionmargin=\dimen99
\c@part=\count79
\c@chapter=\count80
\c@section=\count81
\c@subsection=\count82
\c@subsubsection=\count83
\c@paragraph=\count84
\c@subparagraph=\count85
\c@figure=\count86
\c@table=\count87
 (c:\tex\macros\titlepage.sty))
(c:\tex\macros\relate.sty
\relateleft=\dimen100
\relateright=\dimen101
\RELbox=\box25
\RELcount=\count88
\RELoldmax=\dimen102
\RELnewmax=\dimen103
) (initsum.aux) [1

] (initsum.aux) )
Output written on initsum.dvi (1 page, 1208 bytes).
