This is TeX, Version 3.0 (preloaded format=lplain 90.8.18)  2 FEB 1992 08:13
**nrgexp.ltx
(nrgexp.ltx
LaTeX Version 2.09 <7 Dec 1989>
(c:\tex\macros\report.sty
Document Style `report' <13 Nov 89>.
(c:\tex\macros\rep10.sty)
\descriptionmargin=\dimen99
\c@part=\count79
\c@chapter=\count80
\c@section=\count81
\c@subsection=\count82
\c@subsubsection=\count83
\c@paragraph=\count84
\c@subparagraph=\count85
\c@figure=\count86
\c@table=\count87
 (c:\tex\macros\titlepage.sty)) (c:\tex\macros\sh.sty
\@stablebox=\box25
) (c:\tex\macros\relate.sty
\relateleft=\dimen100
\relateright=\dimen101
\RELbox=\box26
\RELcount=\count88
\RELoldmax=\dimen102
\RELnewmax=\dimen103
) (nrgexp.aux) [0

]
\c@srule=\count89

Chapter 1.
[1

] [2] [3]
Chapter 2.
[4

]
Chapter 3.
[5

] [6]
Chapter 4.
[7

] [8] [9] [10] [11] [12] [13] [14] [15] [16] [17] (nrgexp.aux) )
Output written on nrgexp.dvi (18 pages, 30648 bytes).
