This is TeX, Version 3.0 (preloaded format=lplain 90.8.18)  2 FEB 1992 01:35
**sskills.ltx
(sskills.ltx
LaTeX Version 2.09 <7 Dec 1989>
(c:\tex\macros\report.sty
Document Style `report' <13 Nov 89>.
(c:\tex\macros\rep10.sty)
\descriptionmargin=\dimen99
\c@part=\count79
\c@chapter=\count80
\c@section=\count81
\c@subsection=\count82
\c@subsubsection=\count83
\c@paragraph=\count84
\c@subparagraph=\count85
\c@figure=\count86
\c@table=\count87
 (c:\tex\macros\titlepage.sty)) (c:\tex\macros\sh.sty
\@stablebox=\box25
) (c:\tex\macros\relate.sty
\relateleft=\dimen100
\relateright=\dimen101
\RELbox=\box26
\RELcount=\count88
\RELoldmax=\dimen102
\RELnewmax=\dimen103
) (sskills.aux) [0

] [1] [2] (sskills.aux) )
Output written on sskills.dvi (3 pages, 4144 bytes).
