This is emTeX (tex386), Version 3.14159 [4b] (preloaded format=latex 96.1.10)  12 MAY 1996 12:07
**&latex pg.ltx
(pg.ltx
LaTeX2e <1995/06/01> patch level 3
(c:/emtex/texinput/latex2e/book.cls
Document Class: book 1995/06/26 v1.3g Standard LaTeX document class
(c:/emtex/texinput/latex2e/bk10.clo
File: bk10.clo 1995/06/26 v1.3g Standard LaTeX file (size option)
)
\c@part=\count82
\c@chapter=\count83
\c@section=\count84
\c@subsection=\count85
\c@subsubsection=\count86
\c@paragraph=\count87
\c@subparagraph=\count88
\c@figure=\count89
\c@table=\count90
\abovecaptionskip=\skip41
\belowcaptionskip=\skip42
\bibindent=\dimen102
) (c:/emtex/texinput/latex2e/makeidx.sty
Package: makeidx 1995/04/19 v1.0j Standard LaTeX package
)
(c:/emtex/texinput/latex2e/multicol.sty
Package: multicol 1995/02/06 v1.5j multicolumn formatting (FMi)
\c@tracingmulticols=\count91
\mult@box=\box26
\multicol@leftmargin=\dimen103
\c@unbalance=\count92
\c@collectmore=\count93
\doublecol@number=\count94
\multicoltolerance=\count95
\multicolpretolerance=\count96
\full@width=\dimen104
\page@free=\dimen105
\premulticols=\dimen106
\postmulticols=\dimen107
\multicolsep=\skip43
\multicolbaselineskip=\skip44
\partial@page=\box27
\last@line=\box28
\mult@rightbox=\box29
\mult@grightbox=\box30
\mult@gfirstbox=\box31
\mult@firstbox=\box32
\@tempa=\box33
\@tempa=\box34
\@tempa=\box35
\@tempa=\box36
\@tempa=\box37
\@tempa=\box38
\@tempa=\box39
\@tempa=\box40
\@tempa=\box41
\@tempa=\box42
\@tempa=\box43
\@tempa=\box44
\@tempa=\box45
\@tempa=\box46
\@tempa=\box47
\@tempa=\box48
\@tempa=\box49
\c@columnbadness=\count97
\c@finalcolumnbadness=\count98
\last@try=\dimen108
\multicolovershoot=\dimen109
\multicolundershoot=\dimen110
\mult@nat@firstbox=\box50
) (sh.sty)
\@indexfile=\write3

Writing index file pg.idx
(pg.aux (troll1.aux) (troll2.aux)

LaTeX Warning: Label `Table:Speed' multiply defined.

)
LaTeX Font Info:    Checking defaults for OML/cmm/m/it on input line 21.
LaTeX Font Info:    ... okay on input line 21.
LaTeX Font Info:    Checking defaults for T1/cmr/m/n on input line 21.
LaTeX Font Info:    ... okay on input line 21.
LaTeX Font Info:    Checking defaults for OT1/cmr/m/n on input line 21.
LaTeX Font Info:    ... okay on input line 21.
LaTeX Font Info:    Checking defaults for OMS/cmsy/m/n on input line 21.
LaTeX Font Info:    ... okay on input line 21.
LaTeX Font Info:    Checking defaults for OMX/cmex/m/n on input line 21.
LaTeX Font Info:    ... okay on input line 21.
LaTeX Font Info:    Checking defaults for U/cmr/m/n on input line 21.
LaTeX Font Info:    ... okay on input line 21.
LaTeX Font Info:    External font `cmex10' loaded for size
(Font)              <17.28> on input line 22.
LaTeX Font Info:    External font `cmex10' loaded for size
(Font)              <12> on input line 22.
LaTeX Font Info:    External font `cmex10' loaded for size
(Font)              <8> on input line 22.
LaTeX Font Info:    External font `cmex10' loaded for size
(Font)              <6> on input line 22.
LaTeX Font Info:    External font `cmex10' loaded for size
(Font)              <9> on input line 22.
LaTeX Font Info:    External font `cmex10' loaded for size
(Font)              <5> on input line 22.
 [1


] (pg.toc
Underfull \hbox (badness 10000) in paragraph at lines 6--6
 [][] []\OT1/cmr/m/n/9 Evaluating Suc-cess and 
 []


Overfull \hbox (21.1529pt too wide) in paragraph at lines 11--11
 [][] []\OT1/cmr/m/n/9 Enhancements/Limitations []  
 []


Underfull \hbox (badness 10000) in paragraph at lines 23--23
 [][] []\OT1/cmr/m/n/9 Upper Limit to 
 []


Underfull \hbox (badness 10000) in paragraph at lines 34--34
 [][] []\OT1/cmr/m/n/9 Environmental En-hance- 
 []


Underfull \hbox (badness 10000) in paragraph at lines 52--52
 [][] []\OT1/cmr/m/n/9 Relations Among 
 []


Underfull \hbox (badness 5133) in paragraph at lines 72--72
 [][] []\OT1/cmr/m/n/9 Physically In-jured 
 []


Underfull \hbox (badness 10000) in paragraph at lines 74--74
 [][] []\OT1/cmr/m/n/9 Environmental 
 []

[1

]
Underfull \hbox (badness 10000) in paragraph at lines 78--78
 [][] []\OT1/cmr/m/n/9 Restoring Fa-tigue 
 []


Underfull \hbox (badness 10000) in paragraph at lines 90--90
 [][] []\OT1/cmr/m/n/9 Calculating 
 []

)
\tf@toc=\write4
 [2] (pg.lot
LaTeX Font Info:    External font `cmex10' loaded for size
(Font)              <7> on input line 2.
)
\tf@lot=\write5
 (intro.tex [1

] [2

]
Chapter 1.
[3] [4] (troll1.tex) [5

] [6

] (troll2.tex) [7

]) (chargen.tex [8


]
Chapter 2.
[9] [10] [11] [12] (tcgen2.tex

LaTeX Warning: `h' float specifier changed to `ht'.

) [13] [14] (tcgen5.tex) [15] [16] [17] (tcgen3.tex) [18]
Underfull \vbox (badness 4752) has occurred while \output is active []

 [19])
(skills.tex [20]
Chapter 3.
[21

] [22]
Overfull \hbox (419.19556pt too wide) in paragraph at lines 155--166
[][] 
 []

[23] (tskill5.tex) [24]) (gpm.tex [25] [26

]
Chapter 4.
[27]
Overfull \hbox (17.24684pt too wide) in paragraph at lines 59--59
[]\OT1/cmtt/m/n/10 Very Notable Success - Total Identification, 200% Detail, +-
5% Timing[] 
 []


Overfull \hbox (17.24684pt too wide) in paragraph at lines 59--59
[]    \OT1/cmtt/m/n/10 Notable Success - Total Identification, 150% Detail, +-1
0% Timing[] 
 []


Overfull \hbox (101.24611pt too wide) in paragraph at lines 59--59
[]\OT1/cmtt/m/n/10 Solid Success - Able to Identify exactly what is happening, 
125% Detail, +-25% Timing[] 
 []


Overfull \hbox (38.24666pt too wide) in paragraph at lines 59--59
[]\OT1/cmtt/m/n/10 Notable Failure - Inaccurate Identification, +-125% Detail, 
+-175% Timing[] 
 []


Overfull \hbox (64.49643pt too wide) in paragraph at lines 59--59
[]\OT1/cmtt/m/n/10 Very Notable Failure - Inaccurate Identification, +-150% Det
ail, +-200% Timing[] 
 []


Overfull \hbox (74.99634pt too wide) in paragraph at lines 59--59
[]\OT1/cmtt/m/n/10 Amazing Failure - Wildly Inaccurate Identification, +-250% D
etail, +-300% Timing[] 
 []

(tgpm6.tex) [28] (tgpm7.tex

LaTeX Warning: `h' float specifier changed to `ht'.

) [29] [30] (tskill1.tex) [31] (tskill2.tex) (tskill3.tex) (tskill4.tex

LaTeX Warning: `h' float specifier changed to `ht'.

) [32] (tgpm8.tex) (tgpm9.tex) (tgpm10.tex [33]) (tgpm2.tex) [34] (tgpm4.tex))
(combat.tex [35] [36

]
Chapter 5.
[37] (tgpm11.tex) [38] (tgpm12.tex) [39] [40] [41] [42] [43]) (npcpc.tex
[44]
Chapter 6.
[45

]) (pg.ind [46] [47


]) (pg.aux (troll1.aux) (troll2.aux))

LaTeX Warning: There were multiply-defined labels.

 ) 
Here is how much of TeX's memory you used:
 497 strings out of 55967
 4552 string characters out of 211646
 62325 words of memory out of 262143
 3268 multiletter control sequences out of 10000
 11809 words of font info for 41 fonts, out of 81920 for 254
 14 hyphenation exceptions out of 607
 25i,9n,18p,195b,293s stack positions out of 300i,100n,60p,5000b,1000s

Output written on pg.dvi (50 pages, 124724 bytes).
