This is e-TeX, Version 3.141592-2.2 (MiKTeX 2.4) (preloaded format=latex 2005.2.12)  12 FEB 2005 09:05
entering extended mode
**cg.tex
(cg.tex
LaTeX2e <2003/12/01>
Babel <v3.8a> and hyphenation patterns for english, french, german, ngerman, du
mylang, nohyphenation, loaded.
(C:\texmf\tex\latex\base\book.cls
Document Class: book 2004/02/16 v1.4f Standard LaTeX document class
(C:\texmf\tex\latex\base\bk10.clo
File: bk10.clo 2004/02/16 v1.4f Standard LaTeX file (size option)
)
\c@part=\count79
\c@chapter=\count80
\c@section=\count81
\c@subsection=\count82
\c@subsubsection=\count83
\c@paragraph=\count84
\c@subparagraph=\count85
\c@figure=\count86
\c@table=\count87
\abovecaptionskip=\skip41
\belowcaptionskip=\skip42
\bibindent=\dimen102
) (C:\texmf\tex\latex\base\makeidx.sty
Package: makeidx 2000/03/29 v1.0m Standard LaTeX package
)
(C:\texmf\tex\latex\tools\multicol.sty
Package: multicol 2004/02/14 v1.6e multicolumn formatting (FMi)
\c@tracingmulticols=\count88
\mult@box=\box26
\multicol@leftmargin=\dimen103
\c@unbalance=\count89
\c@collectmore=\count90
\doublecol@number=\count91
\multicoltolerance=\count92
\multicolpretolerance=\count93
\full@width=\dimen104
\page@free=\dimen105
\premulticols=\dimen106
\postmulticols=\dimen107
\multicolsep=\skip43
\multicolbaselineskip=\skip44
\partial@page=\box27
\last@line=\box28
\mult@rightbox=\box29
\mult@grightbox=\box30
\mult@gfirstbox=\box31
\mult@firstbox=\box32
\@tempa=\box33
\@tempa=\box34
\@tempa=\box35
\@tempa=\box36
\@tempa=\box37
\@tempa=\box38
\@tempa=\box39
\@tempa=\box40
\@tempa=\box41
\@tempa=\box42
\@tempa=\box43
\@tempa=\box44
\@tempa=\box45
\@tempa=\box46
\@tempa=\box47
\@tempa=\box48
\@tempa=\box49
\c@columnbadness=\count94
\c@finalcolumnbadness=\count95
\last@try=\dimen108
\multicolovershoot=\dimen109
\multicolundershoot=\dimen110
\mult@nat@firstbox=\box50
\colbreak@box=\box51
) (sh.sty
(C:\texmf\tex\latex\psnfss\palatino.sty
Package: palatino 2004/01/26 PSNFSS-v9.1b (SPQR) 
)
(C:\texmf\tex\latex\tools\afterpage.sty
Package: afterpage 1995/10/27 v1.08 After-Page Package (DPC)
\AP@output=\toks14
\AP@partial=\box52
\AP@footins=\box53
) (C:\texmf\tex\latex\float\float.sty
Package: float 2001/11/08 v1.3d Float enhancements (AL)
\c@float@type=\count96
\float@exts=\toks15
\float@box=\box54
\@float@everytoks=\toks16
\@floatcapt=\box55
)
\@float@every@SHTable=\toks17
\c@SHTable=\count97
)
\@indexfile=\write3

Writing index file cg.idx
(cg.aux (tskill9.aux))
LaTeX Font Info:    Checking defaults for OML/cmm/m/it on input line 21.
LaTeX Font Info:    ... okay on input line 21.
LaTeX Font Info:    Checking defaults for T1/cmr/m/n on input line 21.
LaTeX Font Info:    ... okay on input line 21.
LaTeX Font Info:    Checking defaults for OT1/cmr/m/n on input line 21.
LaTeX Font Info:    ... okay on input line 21.
LaTeX Font Info:    Checking defaults for OMS/cmsy/m/n on input line 21.
LaTeX Font Info:    ... okay on input line 21.
LaTeX Font Info:    Checking defaults for OMX/cmex/m/n on input line 21.
LaTeX Font Info:    ... okay on input line 21.
LaTeX Font Info:    Checking defaults for U/cmr/m/n on input line 21.
LaTeX Font Info:    ... okay on input line 21.
LaTeX Font Info:    Try loading font information for OT1+ppl on input line 21.
 (C:\texmf\tex\latex\psnfss\ot1ppl.fd
File: ot1ppl.fd 2001/06/04 font definitions for OT1/ppl.
)
LaTeX Font Info:    External font `cmex10' loaded for size
(Font)              <12> on input line 22.
LaTeX Font Info:    External font `cmex10' loaded for size
(Font)              <8> on input line 22.
LaTeX Font Info:    External font `cmex10' loaded for size
(Font)              <6> on input line 22.
 [1


]
LaTeX Font Info:    Font shape `OT1/ppl/bx/n' in size <24.88> not available
(Font)              Font shape `OT1/ppl/b/n' tried instead on input line 29.
 (cg.toc
LaTeX Font Info:    Font shape `OT1/ppl/bx/n' in size <9> not available
(Font)              Font shape `OT1/ppl/b/n' tried instead on input line 1.
LaTeX Font Info:    External font `cmex10' loaded for size
(Font)              <9> on input line 2.
LaTeX Font Info:    External font `cmex10' loaded for size
(Font)              <5> on input line 2.

Underfull \hbox (badness 7869) in paragraph at lines 4--4
 [][] []\OT1/ppl/m/n/9 Evaluating Suc-cess 
 []


Overfull \hbox (18.80771pt too wide) in paragraph at lines 9--9
 [][] []\OT1/ppl/m/n/9 Enhancements/Limitations []  
 []


Underfull \hbox (badness 10000) in paragraph at lines 37--37
 [][] []\OT1/ppl/m/n/9 Environmental En-hance- 
 []


Underfull \hbox (badness 5802) in paragraph at lines 39--39
 [][] []\OT1/ppl/m/n/9 Friends,Allies, and 
 []

)
\tf@toc=\write4
 [1

] [2

] (cg.lot
LaTeX Font Info:    External font `cmex10' loaded for size
(Font)              <7> on input line 3.
)
\tf@lot=\write5
 (intro.tex [1] [2

]
Chapter 1.
LaTeX Font Info:    Font shape `OT1/ppl/bx/n' in size <20.74> not available
(Font)              Font shape `OT1/ppl/b/n' tried instead on input line 1.
LaTeX Font Info:    Font shape `OT1/ppl/bx/n' in size <14.4> not available
(Font)              Font shape `OT1/ppl/b/n' tried instead on input line 3.
LaTeX Font Info:    Font shape `OT1/ppl/bx/n' in size <12> not available
(Font)              Font shape `OT1/ppl/b/n' tried instead on input line 23.
[3]
Overfull \hbox (5.18573pt too wide) in paragraph at lines 50--54
[]\OT1/ppl/m/n/10 To de-ter-mine the sever-ity of the crit-i-cal fail-ure roll 
against the amount missed
 []

(troll1.tex
LaTeX Font Info:    Font shape `OT1/ppl/bx/n' in size <10> not available
(Font)              Font shape `OT1/ppl/b/n' tried instead on input line 12.
) (troll2.tex)) (chargen.tex [4]
Chapter 2.
LaTeX Font Info:    Try loading font information for OMS+ppl on input line 19.
(C:\texmf\tex\latex\psnfss\omsppl.fd
File: omsppl.fd 
)
LaTeX Font Info:    Font shape `OMS/ppl/m/n' in size <10> not available
(Font)              Font shape `OMS/cmsy/m/n' tried instead on input line 19.
 [5

]
Overfull \hbox (0.12689pt too wide) in paragraph at lines 71--74
[]\OT1/ppl/m/n/10 Dexterity is the eye and hand co-or-di-na-tion and speed of h
and
 []


Overfull \hbox (5.8273pt too wide) in paragraph at lines 88--90
[]\OT1/ppl/m/n/10 Mental En-durance is re-silience and sta-mina of mind.
 []

[6] [7] [8]
Overfull \hbox (3.92638pt too wide) in paragraph at lines 223--225
[]\OT1/ppl/m/n/10 A mea-sure of a char-ac-ter's abil-ity to avoid tak-ing dam-
 []

(tcgen2.tex

LaTeX Warning: `h' float specifier changed to `ht'.

) [9] [10] (tcgen5.tex) [11] [12] [13] [14] [15] (tskill9.tex) [16

] (tcgen4.tex

LaTeX Warning: `h' float specifier changed to `ht'.

)
LaTeX Font Info:    Try loading font information for OT1+pcr on input line 541.

 (C:\texmf\tex\latex\psnfss\ot1pcr.fd
File: ot1pcr.fd 2001/06/04 font definitions for OT1/pcr.
) [17

] [18]
Overfull \hbox (0.81615pt too wide) in paragraph at lines 623--625
\OT1/ppl/m/n/10 Character has con-cious knowl-edge and use (though no train-ing
) of their psionic
 []

[19] [20] [21])
No file cg.ind.
[22] (cg.aux (tskill9.aux)) ) 
Here is how much of TeX's memory you used:
 699 strings out of 95898
 7349 string characters out of 1195288
 65192 words of memory out of 1056169
 3666 multiletter control sequences out of 35000
 14912 words of font info for 45 fonts, out of 500000 for 1000
 14 hyphenation exceptions out of 607
 25i,9n,19p,180b,271s stack positions out of 1500i,500n,5000p,200000b,32768s

Output written on cg.dvi (25 pages, 52124 bytes).
