This is emTeX (tex386), Version 3.141 [3c-beta8] (preloaded format=lplain 94.5.11)  11 MAY 1994 06:43
**&lplain pg.ltx
(pg.ltx
ILaTeX Version 2.09 <9 Jan 1990>
(c:\emtex\texinput\book.sty
Document Style `book' <13 Nov 89>, international version <20 Sep 90>.
(c:\emtex\texinput\bk10.sty)
\descriptionmargin=\dimen99
\c@part=\count79
\c@chapter=\count80
\c@section=\count81
\c@subsection=\count82
\c@subsubsection=\count83
\c@paragraph=\count84
\c@subparagraph=\count85
\c@figure=\count86
\c@table=\count87
) (c:\emtex\texinput\sh.sty)
(c:\emtex\texinput\stable.sty
\@stablebox=\box29
) (c:\emtex\texinput\relate.sty
\relateleft=\dimen100
\relateright=\dimen101
\RELbox=\box30
\RELcount=\count88
\RELoldmax=\dimen102
\RELnewmax=\dimen103
) (pg.aux
(troll1.aux)) (pg.toc [1


] [2])
\tf@toc=\write3
 [3] [4

] (pg.lot)
\tf@lot=\write4
 (intro.tex [1] [2

]
Chapter 1.
[3] [4] (troll1.tex) [5]
LaTeX Warning: Reference `tbl-critfail' on page 6 undefined.
LaTeX Warning: Reference `tbl-critfail' on page 6 undefined.
) (chargen.tex [6

]
Chapter 2.
[7

] [8] [9] [10] (tcgen2.tex) [11]
LaTeX Warning: Reference `tbl-speed' on page 12 undefined.
(tcgen5.tex) [12] [13] [14] (tcgen3.tex) [15] [16]) (skills.tex [17] [18]
Chapter 3.
[19

] [20] [21] (tskill5.tex) [22]) (gpm.tex [23] [24

]
Chapter 4.
[25] (tgpm6.tex)
LaTeX Warning: Reference `tab:PM' on page 26 undefined.
[26] (tgpm7.tex) [27]
LaTeX Warning: Reference `tbl-critsuccess' on page 28 undefined.
(tskill1.tex) (tskill2.tex) (tskill3.tex) [28] (tskill4.tex) (tgpm8.tex)
(tgpm9.tex) (tgpm10.tex [29]) (tgpm2.tex) [30] (tgpm4.tex)) (combat.tex
[31] [32]
Chapter 5.
[33

] (tgpm11.tex) (tgpm12.tex) [34] [35] [36] [37] [38]) (npcpc.tex [39]
[40

]
Chapter 6.
) [41]
! I can't find file `pg.ids'.
\@iinput #1->\@@input #1 
                         
l.61 ^^I\input{pg.ids}
                      
Please type another input file name: pg.idg
! I can't find file `pg.idg'.
\@iinput #1->\@@input #1 
                         
l.61 ^^I\input{pg.ids}
                      
Please type another input file name: nul
(nul.tex) [42] (pg.aux (troll1.aux))
LaTeX Warning: Label(s) may have changed. Rerun to get cross-references right.
 ) 
Here is how much of TeX's memory you used:
 279 strings out of 56962
 2218 string characters out of 225219
 38469 words of memory out of 262143
 2181 multiletter control sequences out of 10000
 20732 words of font info for 79 fonts, out of 81920 for 254
 14 hyphenation exceptions out of 607
 18i,12n,18p,184b,332s stack positions out of 300i,100n,60p,5000b,1000s

Output written on pg.dvi (46 pages, 133764 bytes).
