This is emTeX (tex386), Version 3.14159 [4b] (preloaded format=latex 96.9.20)  12 NOV 1997 14:19
**&latex pg.ltx
(pg.ltx
LaTeX2e <1996/06/01>
(d:/emtex/texinput/latex2e/book.cls
Document Class: book 1996/05/26 v1.3r Standard LaTeX document class
(d:/emtex/texinput/latex2e/bk10.clo
File: bk10.clo 1996/05/26 v1.3r Standard LaTeX file (size option)
)
\c@part=\count79
\c@chapter=\count80
\c@section=\count81
\c@subsection=\count82
\c@subsubsection=\count83
\c@paragraph=\count84
\c@subparagraph=\count85
\c@figure=\count86
\c@table=\count87
\abovecaptionskip=\skip41
\belowcaptionskip=\skip42
\bibindent=\dimen102
) (d:/emtex/texinput/latex2e/makeidx.sty
Package: makeidx 1995/04/19 v1.0j Standard LaTeX package
)
(d:/emtex/texinput/latex2e/multicol.sty
Package: multicol 1996/01/13 v1.5l multicolumn formatting (FMi)
\c@tracingmulticols=\count88
\mult@box=\box26
\multicol@leftmargin=\dimen103
\c@unbalance=\count89
\c@collectmore=\count90
\doublecol@number=\count91
\multicoltolerance=\count92
\multicolpretolerance=\count93
\full@width=\dimen104
\page@free=\dimen105
\premulticols=\dimen106
\postmulticols=\dimen107
\multicolsep=\skip43
\multicolbaselineskip=\skip44
\partial@page=\box27
\last@line=\box28
\mult@rightbox=\box29
\mult@grightbox=\box30
\mult@gfirstbox=\box31
\mult@firstbox=\box32
\@tempa=\box33
\@tempa=\box34
\@tempa=\box35
\@tempa=\box36
\@tempa=\box37
\@tempa=\box38
\@tempa=\box39
\@tempa=\box40
\@tempa=\box41
\@tempa=\box42
\@tempa=\box43
\@tempa=\box44
\@tempa=\box45
\@tempa=\box46
\@tempa=\box47
\@tempa=\box48
\@tempa=\box49
\c@columnbadness=\count94
\c@finalcolumnbadness=\count95
\last@try=\dimen108
\multicolovershoot=\dimen109
\multicolundershoot=\dimen110
\mult@nat@firstbox=\box50
) (sh.sty)
\@indexfile=\write3

Writing index file pg.idx
(pg.aux (troll1.aux) (troll2.aux) (tskill8.aux) (tskill6.aux) (tskill9.aux)
(tskill7.aux) (tskill10.aux))
LaTeX Font Info:    Checking defaults for OML/cmm/m/it on input line 22.
LaTeX Font Info:    ... okay on input line 22.
LaTeX Font Info:    Checking defaults for T1/cmr/m/n on input line 22.
LaTeX Font Info:    ... okay on input line 22.
LaTeX Font Info:    Checking defaults for OT1/cmr/m/n on input line 22.
LaTeX Font Info:    ... okay on input line 22.
LaTeX Font Info:    Checking defaults for OMS/cmsy/m/n on input line 22.
LaTeX Font Info:    ... okay on input line 22.
LaTeX Font Info:    Checking defaults for OMX/cmex/m/n on input line 22.
LaTeX Font Info:    ... okay on input line 22.
LaTeX Font Info:    Checking defaults for U/cmr/m/n on input line 22.
LaTeX Font Info:    ... okay on input line 22.
LaTeX Font Info:    External font `cmex10' loaded for size
(Font)              <17.28> on input line 23.
LaTeX Font Info:    External font `cmex10' loaded for size
(Font)              <12> on input line 23.
LaTeX Font Info:    External font `cmex10' loaded for size
(Font)              <8> on input line 23.
LaTeX Font Info:    External font `cmex10' loaded for size
(Font)              <6> on input line 23.
LaTeX Font Info:    External font `cmex10' loaded for size
(Font)              <9> on input line 23.
LaTeX Font Info:    External font `cmex10' loaded for size
(Font)              <5> on input line 23.
 [1


] (pg.toc
Underfull \hbox (badness 10000) in paragraph at lines 19--19
 [][] []\OT1/cmr/m/n/9 Relations Among 
 []


Underfull \hbox (badness 5133) in paragraph at lines 41--41
 [][] []\OT1/cmr/m/n/9 Physically In-jured 
 []


Underfull \hbox (badness 10000) in paragraph at lines 43--43
 [][] []\OT1/cmr/m/n/9 Environmental 
 []


Underfull \hbox (badness 10000) in paragraph at lines 47--47
 [][] []\OT1/cmr/m/n/9 Restoring Fa-tigue 
 []


Underfull \hbox (badness 10000) in paragraph at lines 59--59
 [][] []\OT1/cmr/m/n/9 Calculating 
 []

[1

])
\tf@toc=\write4
 [2] (pg.lot
LaTeX Font Info:    External font `cmex10' loaded for size
(Font)              <7> on input line 2.
)
\tf@lot=\write5
 (intro.tex [1

] [2

]
Chapter 1.
[3] [4] (troll1.tex) [5

] (troll2.tex) [6]) (skills.tex
Chapter 2.
[7





] [8] (tskill8.tex) [9

] (tskill6.tex) [10] [11



] (tskill9.tex) [12] [13


]
(tskill7.tex) [14] [15


] (tskill10.tex
Overfull \hbox (419.19606pt too wide) in paragraph at lines 2--13
[][] 
 []

) [16

] (tskill5.tex) [17

]) (gpm.tex [18]
Chapter 3.
[19

]
Overfull \hbox (17.24684pt too wide) in paragraph at lines 59--59
[]\OT1/cmtt/m/n/10 Very Notable Success - Total Identification, 200% Detail, +-
5% Timing[] 
 []


Overfull \hbox (17.24684pt too wide) in paragraph at lines 59--59
[]    \OT1/cmtt/m/n/10 Notable Success - Total Identification, 150% Detail, +-1
0% Timing[] 
 []


Overfull \hbox (101.24611pt too wide) in paragraph at lines 59--59
[]\OT1/cmtt/m/n/10 Solid Success - Able to Identify exactly what is happening, 
125% Detail, +-25% Timing[] 
 []


Overfull \hbox (38.24666pt too wide) in paragraph at lines 59--59
[]\OT1/cmtt/m/n/10 Notable Failure - Inaccurate Identification, +-125% Detail, 
+-175% Timing[] 
 []


Overfull \hbox (64.49643pt too wide) in paragraph at lines 59--59
[]\OT1/cmtt/m/n/10 Very Notable Failure - Inaccurate Identification, +-150% Det
ail, +-200% Timing[] 
 []


Overfull \hbox (74.99634pt too wide) in paragraph at lines 59--59
[]\OT1/cmtt/m/n/10 Amazing Failure - Wildly Inaccurate Identification, +-250% D
etail, +-300% Timing[] 
 []

(tgpm6.tex) [20] (tgpm7.tex [21]) [22] (tskill1.tex) [23] (tskill2.tex)
(tskill3.tex) (tskill4.tex

LaTeX Warning: `h' float specifier changed to `ht'.

) [24] (tgpm8.tex) (tgpm9.tex) (tgpm10.tex [25]) (tgpm2.tex) [26] (tgpm4.tex))
(combat.tex [27] [28

]
Chapter 4.
[29] (tgpm11.tex) [30] (tgpm12.tex) [31] [32] [33] [34] [35]) (npcpc.tex
[36]
Chapter 5.
[37

])
No file pg.ind.
[38] (pg.aux (troll1.aux) (troll2.aux) (tskill8.aux) (tskill6.aux) (tskill9.aux
) (tskill7.aux) (tskill10.aux)) ) 
Here is how much of TeX's memory you used:
 558 strings out of 55952
 4976 string characters out of 211975
 59810 words of memory out of 262143
 3290 multiletter control sequences out of 10000
 11809 words of font info for 41 fonts, out of 81920 for 254
 14 hyphenation exceptions out of 607
 26i,8n,18p,214b,294s stack positions out of 300i,100n,60p,5000b,1000s

Output written on pg.dvi (41 pages, 91832 bytes).
