This is TeX, Version 3.0 (preloaded format=lplain 90.8.18)  31 JAN 1992 07:47
**mudd.ltx
(mudd.ltx
LaTeX Version 2.09 <7 Dec 1989>
(c:\tex\macros\article.sty
Document Style `article' <16 Mar 88>.
(c:\tex\macros\art10.sty)
\c@part=\count79
\c@section=\count80
\c@subsection=\count81
\c@subsubsection=\count82
\c@paragraph=\count83
\c@subparagraph=\count84
\c@figure=\count85
\c@table=\count86
) (c:\tex\macros\stable.sty
\@stablebox=\box25
)
No file mudd.aux.
[1

] [2] [3] [4] (mudd.aux) )
Output written on mudd.dvi (4 pages, 7476 bytes).
